This file contains any messages produced by compilers while
running configure, to aid debugging if configure makes a mistake.

It was created by Samtools configure 1.9, which was
generated by GNU Autoconf 2.69.  Invocation command line was

  $ ./configure CPPFLAGS=-I../libdeflate -I../zlib LDFLAGS=-L../libdeflate -L../zlib -Wl,-L../libdeflate -L../zlib --disable-plugins --disable-libcurl --disable-bz2 --disable-lzma

## --------- ##
## Platform. ##
## --------- ##

hostname = sapiens.local
uname -m = x86_64
uname -r = 16.7.0
uname -s = Darwin
uname -v = Darwin Kernel Version 16.7.0: Mon Nov 13 21:56:25 PST 2017; root:xnu-3789.72.11~1/RELEASE_X86_64

/usr/bin/uname -p = i386
/bin/uname -X     = unknown

/bin/arch              = unknown
/usr/bin/arch -k       = unknown
/usr/convex/getsysinfo = unknown
/usr/bin/hostinfo      = Mach kernel version:
	 Darwin Kernel Version 16.7.0: Mon Nov 13 21:56:25 PST 2017; root:xnu-3789.72.11~1/RELEASE_X86_64
Kernel configured for up to 8 processors.
4 processors are physically available.
8 processors are logically available.
Processor type: x86_64h (Intel x86-64h Haswell)
Processors active: 0 1 2 3 4 5 6 7
Primary memory available: 16.00 gigabytes
Default processor set: 363 tasks, 1603 threads, 8 processors
Load average: 2.95, Mach factor: 5.20
/bin/machine           = unknown
/usr/bin/oslevel       = unknown
/bin/universe          = unknown

PATH: .
PATH: /Users/viari/Scripts
PATH: /opt/local/sbin
PATH: /opt/local/bin
PATH: /usr/local/bin
PATH: /usr/X11R6/bin
PATH: /usr/local/texlive/2017/bin/x86_64-darwin/
PATH: /usr/local/bin
PATH: /usr/bin
PATH: /bin
PATH: /usr/sbin
PATH: /sbin
PATH: /opt/X11/bin
PATH: /Library/TeX/texbin
PATH: /Users/viari/Developpements/SvnProjects/WGInR_Asdog/ports/x386-darwin/bin


## ----------- ##
## Core tests. ##
## ----------- ##

configure:2171: checking for gcc
configure:2187: found /opt/local/bin/gcc
configure:2198: result: gcc
configure:2427: checking for C compiler version
configure:2436: gcc --version >&5
gcc (MacPorts gcc8 8.3.0_0) 8.3.0
Copyright (C) 2018 Free Software Foundation, Inc.
This is free software; see the source for copying conditions.  There is NO
warranty; not even for MERCHANTABILITY or FITNESS FOR A PARTICULAR PURPOSE.

configure:2447: $? = 0
configure:2436: gcc -v >&5
Using built-in specs.
COLLECT_GCC=gcc
COLLECT_LTO_WRAPPER=/opt/local/libexec/gcc/x86_64-apple-darwin16/8.3.0/lto-wrapper
Target: x86_64-apple-darwin16
Configured with: /opt/local/var/macports/build/_opt_bblocal_var_buildworker_ports_build_ports_lang_gcc8/gcc8/work/gcc-8.3.0/configure --prefix=/opt/local --build=x86_64-apple-darwin16 --enable-languages=c,c++,objc,obj-c++,lto,fortran --libdir=/opt/local/lib/gcc8 --includedir=/opt/local/include/gcc8 --infodir=/opt/local/share/info --mandir=/opt/local/share/man --datarootdir=/opt/local/share/gcc-8 --with-local-prefix=/opt/local --with-system-zlib --disable-nls --program-suffix=-mp-8 --with-gxx-include-dir=/opt/local/include/gcc8/c++/ --with-gmp=/opt/local --with-mpfr=/opt/local --with-mpc=/opt/local --with-isl=/opt/local --enable-stage1-checking --disable-multilib --enable-lto --enable-libstdcxx-time --with-build-config=bootstrap-debug --with-as=/opt/local/bin/as --with-ld=/opt/local/bin/ld --with-ar=/opt/local/bin/ar --with-bugurl=https://trac.macports.org/newticket --disable-tls --with-pkgversion='MacPorts gcc8 8.3.0_0'
Thread model: posix
gcc version 8.3.0 (MacPorts gcc8 8.3.0_0) 
configure:2447: $? = 0
configure:2436: gcc -V >&5
gcc: error: unrecognized command line option '-V'
gcc: fatal error: no input files
compilation terminated.
configure:2447: $? = 1
configure:2436: gcc -qversion >&5
gcc: error: unrecognized command line option '-qversion'; did you mean '--version'?
gcc: fatal error: no input files
compilation terminated.
configure:2447: $? = 1
configure:2467: checking whether the C compiler works
configure:2489: gcc  -I../libdeflate -I../zlib -L../libdeflate -L../zlib -Wl,-L../libdeflate -L../zlib conftest.c  >&5
configure:2493: $? = 0
configure:2541: result: yes
configure:2544: checking for C compiler default output file name
configure:2546: result: a.out
configure:2552: checking for suffix of executables
configure:2559: gcc -o conftest  -I../libdeflate -I../zlib -L../libdeflate -L../zlib -Wl,-L../libdeflate -L../zlib conftest.c  >&5
configure:2563: $? = 0
configure:2585: result: 
configure:2607: checking whether we are cross compiling
configure:2615: gcc -o conftest  -I../libdeflate -I../zlib -L../libdeflate -L../zlib -Wl,-L../libdeflate -L../zlib conftest.c  >&5
configure:2619: $? = 0
configure:2626: ./conftest
configure:2630: $? = 0
configure:2645: result: no
configure:2650: checking for suffix of object files
configure:2672: gcc -c  -I../libdeflate -I../zlib conftest.c >&5
configure:2676: $? = 0
configure:2697: result: o
configure:2701: checking whether we are using the GNU C compiler
configure:2720: gcc -c  -I../libdeflate -I../zlib conftest.c >&5
configure:2720: $? = 0
configure:2729: result: yes
configure:2738: checking whether gcc accepts -g
configure:2758: gcc -c -g -I../libdeflate -I../zlib conftest.c >&5
configure:2758: $? = 0
configure:2799: result: yes
configure:2816: checking for gcc option to accept ISO C89
configure:2879: gcc  -c -g -O2 -I../libdeflate -I../zlib conftest.c >&5
configure:2879: $? = 0
configure:2892: result: none needed
configure:2921: checking for special C compiler options needed for large files
configure:2966: result: no
configure:2972: checking for _FILE_OFFSET_BITS value needed for large files
configure:2997: gcc -c -g -O2 -I../libdeflate -I../zlib conftest.c >&5
configure:2997: $? = 0
configure:3029: result: no
configure:3164: checking location of HTSlib source tree
configure:3185: result: ../htslib
configure:3411: checking for NcursesW wide-character library
configure:3435: gcc -o conftest -g -O2 -I../libdeflate -I../zlib -L../libdeflate -L../zlib -Wl,-L../libdeflate -L../zlib conftest.c  -lncursesw >&5
ld: library not found for -lncursesw
collect2: error: ld returned 1 exit status
configure:3435: $? = 1
configure: failed program was:
| /* confdefs.h */
| #define PACKAGE_NAME "Samtools"
| #define PACKAGE_TARNAME "samtools"
| #define PACKAGE_VERSION "1.9"
| #define PACKAGE_STRING "Samtools 1.9"
| #define PACKAGE_BUGREPORT "samtools-help@lists.sourceforge.net"
| #define PACKAGE_URL "http://www.htslib.org/"
| /* end confdefs.h.  */
| 
| /* Override any GCC internal prototype to avoid an error.
|    Use char because int might match the return type of a GCC
|    builtin and then its argument prototype would still apply.  */
| #ifdef __cplusplus
| extern "C"
| #endif
| char initscr ();
| int
| main ()
| {
| return initscr ();
|   ;
|   return 0;
| }
configure:3444: result: no
configure:3673: checking for Ncurses library
configure:3697: gcc -o conftest -g -O2 -I../libdeflate -I../zlib -L../libdeflate -L../zlib -Wl,-L../libdeflate -L../zlib conftest.c  -lncurses >&5
configure:3697: $? = 0
configure:3706: result: yes
configure:3726: checking for working ncurses/curses.h
configure:3753: gcc -o conftest -g -O2 -I../libdeflate -I../zlib -L../libdeflate -L../zlib -Wl,-L../libdeflate -L../zlib conftest.c  -lncurses >&5
conftest.c:12:34: fatal error: ncurses/curses.h: No such file or directory
                         #include <ncurses/curses.h>
                                  ^~~~~~~~~~~~~~~~~~
compilation terminated.
configure:3753: $? = 1
configure: failed program was:
| /* confdefs.h */
| #define PACKAGE_NAME "Samtools"
| #define PACKAGE_TARNAME "samtools"
| #define PACKAGE_VERSION "1.9"
| #define PACKAGE_STRING "Samtools 1.9"
| #define PACKAGE_BUGREPORT "samtools-help@lists.sourceforge.net"
| #define PACKAGE_URL "http://www.htslib.org/"
| #define HAVE_NCURSES 1
| #define HAVE_CURSES 1
| /* end confdefs.h.  */
| 
|                         #include <ncurses/curses.h>
| 
| int
| main ()
| {
| 
|                         chtype a = A_BOLD;
|                         int b = KEY_LEFT;
|                         chtype c = COLOR_PAIR(1) & A_COLOR;
|                         int g = getattrs(stdscr);
|                         int h = getcurx(stdscr) + getmaxx(stdscr);
|                         initscr();
|                         init_pair(1, COLOR_WHITE, COLOR_RED);
| 
|   ;
|   return 0;
| }
configure:3762: result: no
configure:3780: checking for working ncurses.h
configure:3807: gcc -o conftest -g -O2 -I../libdeflate -I../zlib -L../libdeflate -L../zlib -Wl,-L../libdeflate -L../zlib conftest.c  -lncurses >&5
configure:3807: $? = 0
configure:3816: result: yes
configure:4153: checking for zlib.h
configure:4153: gcc -c -g -O2 -I../libdeflate -I../zlib conftest.c >&5
configure:4153: $? = 0
configure:4153: result: yes
configure:4162: checking for inflate in -lz
configure:4187: gcc -o conftest -g -O2 -I../libdeflate -I../zlib -L../libdeflate -L../zlib -Wl,-L../libdeflate -L../zlib conftest.c -lz   >&5
configure:4187: $? = 0
configure:4196: result: yes
configure:4222: checking for library containing regcomp
configure:4253: gcc -o conftest -g -O2 -I../libdeflate -I../zlib -L../libdeflate -L../zlib -Wl,-L../libdeflate -L../zlib conftest.c  >&5
configure:4253: $? = 0
configure:4270: result: none required
configure:4408: creating ./config.status

## ---------------------- ##
## Running config.status. ##
## ---------------------- ##

This file was extended by Samtools config.status 1.9, which was
generated by GNU Autoconf 2.69.  Invocation command line was

  CONFIG_FILES    = 
  CONFIG_HEADERS  = 
  CONFIG_LINKS    = 
  CONFIG_COMMANDS = 
  $ ./config.status 

on sapiens.local

config.status:798: creating config.mk
config.status:798: creating config.h

## ---------------- ##
## Cache variables. ##
## ---------------- ##

ac_cv_c_compiler_gnu=yes
ac_cv_env_CC_set=
ac_cv_env_CC_value=
ac_cv_env_CFLAGS_set=
ac_cv_env_CFLAGS_value=
ac_cv_env_CPPFLAGS_set=set
ac_cv_env_CPPFLAGS_value='-I../libdeflate -I../zlib'
ac_cv_env_CURSES_LIB_set=
ac_cv_env_CURSES_LIB_value=
ac_cv_env_LDFLAGS_set=set
ac_cv_env_LDFLAGS_value='-L../libdeflate -L../zlib -Wl,-L../libdeflate -L../zlib'
ac_cv_env_LIBS_set=
ac_cv_env_LIBS_value=
ac_cv_env_build_alias_set=
ac_cv_env_build_alias_value=
ac_cv_env_host_alias_set=
ac_cv_env_host_alias_value=
ac_cv_env_target_alias_set=
ac_cv_env_target_alias_value=
ac_cv_header_zlib_h=yes
ac_cv_lib_z_inflate=yes
ac_cv_objext=o
ac_cv_prog_ac_ct_CC=gcc
ac_cv_prog_cc_c89=
ac_cv_prog_cc_g=yes
ac_cv_search_regcomp='none required'
ac_cv_sys_file_offset_bits=no
ac_cv_sys_largefile_CC=no
ax_cv_curses=yes
ax_cv_curses_color=yes
ax_cv_curses_enhanced=no
ax_cv_curses_obsolete=yes
ax_cv_curses_which=ncurses
ax_cv_header_ncurses_curses_h=no
ax_cv_header_ncurses_h=yes
ax_cv_htslib=yes
ax_cv_htslib_which=source
ax_cv_ncurses=yes
ax_cv_ncursesw=no

## ----------------- ##
## Output variables. ##
## ----------------- ##

CC='gcc'
CFLAGS='-g -O2'
CPPFLAGS='-I../libdeflate -I../zlib'
CURSES_LIB='-lncurses'
DEFS='-DHAVE_CONFIG_H'
ECHO_C='\c'
ECHO_N=''
ECHO_T=''
EXEEXT=''
HTSDIR='../htslib'
HTSLIB_CPPFLAGS='-I../htslib'
HTSLIB_LDFLAGS='-L../htslib'
Hinstall='#'
Hsource=''
LDFLAGS='-L../libdeflate -L../zlib -Wl,-L../libdeflate -L../zlib'
LIBOBJS=''
LIBS=''
LTLIBOBJS=''
OBJEXT='o'
PACKAGE_BUGREPORT='samtools-help@lists.sourceforge.net'
PACKAGE_NAME='Samtools'
PACKAGE_STRING='Samtools 1.9'
PACKAGE_TARNAME='samtools'
PACKAGE_URL='http://www.htslib.org/'
PACKAGE_VERSION='1.9'
PATH_SEPARATOR=':'
SHELL='/bin/sh'
ac_ct_CC='gcc'
bindir='${exec_prefix}/bin'
build_alias=''
datadir='${datarootdir}'
datarootdir='${prefix}/share'
docdir='${datarootdir}/doc/${PACKAGE_TARNAME}'
dvidir='${docdir}'
exec_prefix='${prefix}'
host_alias='unknown-Darwin'
htmldir='${docdir}'
includedir='${prefix}/include'
infodir='${datarootdir}/info'
libdir='${exec_prefix}/lib'
libexecdir='${exec_prefix}/libexec'
localedir='${datarootdir}/locale'
localstatedir='${prefix}/var'
mandir='${datarootdir}/man'
oldincludedir='/usr/include'
pdfdir='${docdir}'
prefix='/usr/local'
program_transform_name='s,x,x,'
psdir='${docdir}'
sbindir='${exec_prefix}/sbin'
sharedstatedir='${prefix}/com'
subdirs=''
sysconfdir='${prefix}/etc'
target_alias=''

## ----------- ##
## confdefs.h. ##
## ----------- ##

/* confdefs.h */
#define PACKAGE_NAME "Samtools"
#define PACKAGE_TARNAME "samtools"
#define PACKAGE_VERSION "1.9"
#define PACKAGE_STRING "Samtools 1.9"
#define PACKAGE_BUGREPORT "samtools-help@lists.sourceforge.net"
#define PACKAGE_URL "http://www.htslib.org/"
#define HAVE_NCURSES 1
#define HAVE_CURSES 1
#define HAVE_CURSES_COLOR 1
#define HAVE_CURSES_OBSOLETE 1
#define HAVE_NCURSES_H 1
#define HAVE_LIBZ 1

configure: exit 0
